0 silly argv {
0 silly argv   _: [ 'publish' ],
0 silly argv   composed: 'publish',
0 silly argv   lernaVersion: '7.1.5',
0 silly argv   '$0': 'lerna',
0 silly argv   bump: 'major'
0 silly argv }
1 notice cli v7.1.5
2 verbose packageConfigs Resolving packages based on package.json "workspaces" configuration.
3 verbose rootPath /Users/kevinyao/Documents/Code/vmex
4 error TypeError [ERR_INVALID_ARG_TYPE]: Failed to process the project graph with "nx-js-graph-plugin".
4 error The "data" argument must be of type string or an instance of Buffer, TypedArray, or DataView. Received undefined
4 error     at writeFileSync (node:fs:2150:5)
4 error     at writeLastProcessedLockfileHash (/Users/kevinyao/.nvm/versions/node/v16.14.2/lib/node_modules/lerna/node_modules/nx/src/plugins/js/index.js:53:28)
4 error     at /Users/kevinyao/.nvm/versions/node/v16.14.2/lib/node_modules/lerna/node_modules/nx/src/plugins/js/index.js:26:17
4 error     at Generator.next (<anonymous>)
4 error     at /Users/kevinyao/.nvm/versions/node/v16.14.2/lib/node_modules/lerna/node_modules/tslib/tslib.js:169:75
4 error     at new Promise (<anonymous>)
4 error     at Object.__awaiter (/Users/kevinyao/.nvm/versions/node/v16.14.2/lib/node_modules/lerna/node_modules/tslib/tslib.js:165:16)
4 error     at Object.processProjectGraph (/Users/kevinyao/.nvm/versions/node/v16.14.2/lib/node_modules/lerna/node_modules/nx/src/plugins/js/index.js:16:57)
4 error     at /Users/kevinyao/.nvm/versions/node/v16.14.2/lib/node_modules/lerna/node_modules/nx/src/project-graph/build-project-graph.js:138:42
